<?xml version="1.0" encoding="UTF-8" ?>
<testsuite tests="6" failures="0" name="dbfacade.CustomerFacadeTest" time="0.267" errors="0" skipped="0">
  <properties>
[...]
</properties>
  <testcase classname="dbfacade.CustomerFacadeTest" name="testGetCustomerByLastName" time="0.213"/>
  <testcase classname="dbfacade.CustomerFacadeTest" name="testGetCustomerFacade" time="0"/>
  <testcase classname="dbfacade.CustomerFacadeTest" name="testAddCustomer" time="0.034"/>
  <testcase classname="dbfacade.CustomerFacadeTest" name="testFindCustomerById" time="0.005"/>
  <testcase classname="dbfacade.CustomerFacadeTest" name="testGetAllCustomers" time="0.005"/>
  <testcase classname="dbfacade.CustomerFacadeTest" name="testGetNumberOfCustomers" time="0.01"/>
</testsuite>